
  \{^_^}/ hi!

  Loading db.json
  Done

  Resources
  http://localhost:3001/persons

  Home
  http://localhost:3001

  Type s + enter at any time to create a snapshot of the database
  Watching...

Some error occurred Error: listen EADDRINUSE: address already in use 127.0.0.1:3001
    at Server.setupListenHandle [as _listen2] (net.js:1309:16)
    at listenInCluster (net.js:1357:12)
    at GetAddrInfoReqWrap.doListen [as callback] (net.js:1496:7)
    at GetAddrInfoReqWrap.onlookup [as oncomplete] (dns.js:69:10) {
  code: 'EADDRINUSE',
  errno: -48,
  syscall: 'listen',
  address: '127.0.0.1',
  port: 3001
}

  \{^_^}/ hi!

  Loading db.json
  Done

  Resources
  http://localhost:3001/persons

  Home
  http://localhost:3001

  Type s + enter at any time to create a snapshot of the database
  Watching...

[0mGET /persons [36m304[0m 8.930 ms - -[0m
[0mGET /persons [36m304[0m 4.803 ms - -[0m
[0mGET /persons/1 [32m200[0m 3.940 ms - 64[0m
[0mGET /persons/1 [36m304[0m 3.384 ms - -[0m
[0mGET /persons/1 [36m304[0m 2.222 ms - -[0m
[0mGET /persons/1 [36m304[0m 3.956 ms - -[0m
[0mGET /persons/1 [36m304[0m 3.585 ms - -[0m
[0mGET /persons/1 [36m304[0m 3.521 ms - -[0m
[0mGET /persons/1 [36m304[0m 3.213 ms - -[0m
[0mGET /persons/1 [36m304[0m 3.391 ms - -[0m
[0mGET /persons/ [32m200[0m 3.226 ms - 320[0m
[0mGET /persons/3 [32m200[0m 3.828 ms - 66[0m
[0mGET /persons/3 [36m304[0m 3.116 ms - -[0m
[0mGET /persons [32m200[0m 1.934 ms - 320[0m
[0mGET /persons [36m304[0m 4.075 ms - -[0m
[0mGET /persons [36m304[0m 9.209 ms - -[0m
[0mGET /persons [36m304[0m 3.248 ms - -[0m
[0mPOST /persons [32m201[0m 26.467 ms - 48[0m
[0mGET /persons [32m200[0m 3.858 ms - 380[0m
[0mGET /persons [36m304[0m 21.077 ms - -[0m
[0mGET /persons [36m304[0m 3.633 ms - -[0m
[0mGET /persons [36m304[0m 4.419 ms - -[0m
[0mGET /persons [36m304[0m 14.431 ms - -[0m
[0mGET /persons [36m304[0m 12.736 ms - -[0m
[0mGET /persons [36m304[0m 3.702 ms - -[0m
[0mDELETE /persons/5 [32m200[0m 3.979 ms - 2[0m
[0mGET /persons [32m200[0m 7.785 ms - 320[0m
[0mGET /persons [32m200[0m 5.734 ms - 320[0m
[0mPOST /persons [32m201[0m 2.902 ms - 48[0m
[0mDELETE /persons/5 [32m200[0m 4.394 ms - 2[0m
[0mGET /persons [32m200[0m 6.386 ms - 320[0m
[0mPOST /persons [32m201[0m 4.255 ms - 48[0m
[0mDELETE /persons/5 [32m200[0m 7.502 ms - 2[0m
[0mGET /persons [32m200[0m 3.165 ms - 320[0m
[0mPOST /persons [32m201[0m 3.927 ms - 48[0m
[0mDELETE /persons/5 [32m200[0m 7.595 ms - 2[0m
[0mGET /persons [32m200[0m 2.992 ms - 320[0m
[0mPOST /persons [32m201[0m 3.749 ms - 48[0m
[0mDELETE /persons/5 [32m200[0m 6.268 ms - 2[0m
[0mPOST /persons [32m201[0m 4.063 ms - 48[0m
[0mPOST /persons [32m201[0m 3.604 ms - 49[0m
[0mPOST /persons [32m201[0m 3.558 ms - 49[0m
[0mGET /persons [32m200[0m 3.776 ms - 502[0m
[0mDELETE /persons/7 [32m200[0m 4.566 ms - 2[0m
[0mDELETE /persons/5 [32m200[0m 2.543 ms - 2[0m
[0mGET /persons [32m200[0m 3.093 ms - 381[0m
[0mGET /persons [36m304[0m 3.241 ms - -[0m
[0mGET /persons [36m304[0m 3.432 ms - -[0m
[0mDELETE /persons/6 [32m200[0m 5.727 ms - 2[0m
[0mGET /persons [32m200[0m 6.764 ms - 320[0m
[0mPOST /persons [32m201[0m 4.113 ms - 48[0m
[0mDELETE /persons/5 [32m200[0m 4.749 ms - 2[0m
[0mGET /persons [32m200[0m 2.913 ms - 320[0m
[0mGET /persons [36m304[0m 6.236 ms - -[0m
[0mPOST /persons [32m201[0m 3.797 ms - 48[0m
[0mGET /persons [32m200[0m 6.764 ms - 380[0m
[0mDELETE /persons/5 [32m200[0m 3.706 ms - 2[0m
[0mGET /persons [32m200[0m 2.984 ms - 320[0m
[0mPOST /persons [32m201[0m 4.731 ms - 48[0m
[0mGET /persons [32m200[0m 3.721 ms - 380[0m
[0mGET /persons [36m304[0m 2.896 ms - -[0m
[0mGET /persons [36m304[0m 7.104 ms - -[0m
[0mPUT /persons/5 [32m200[0m 5.500 ms - 48[0m
[0mGET /persons [36m304[0m 3.030 ms - -[0m
[0mGET /persons [36m304[0m 5.770 ms - -[0m
[0mPUT /persons/5 [32m200[0m 4.636 ms - 48[0m
[0mGET /persons [32m200[0m 5.950 ms - 380[0m
[0mGET /persons [36m304[0m 2.959 ms - -[0m
[0mPUT /persons/5 [32m200[0m 4.707 ms - 48[0m
[0mGET /persons [32m200[0m 3.473 ms - 380[0m
[0mPUT /persons/5 [32m200[0m 6.872 ms - 48[0m
[0mPOST /persons [32m201[0m 2.215 ms - 53[0m
[0mGET /persons [32m200[0m 3.167 ms - 445[0m
[0mPUT /persons/6 [32m200[0m 7.875 ms - 53[0m
[0mGET /persons [32m200[0m 4.017 ms - 445[0m
[0mGET /persons [36m304[0m 3.692 ms - -[0m
[0mDELETE /persons/5 [32m200[0m 5.579 ms - 2[0m
[0mGET /persons [32m200[0m 3.260 ms - 385[0m
[0mGET /persons [36m304[0m 3.756 ms - -[0m
[0mDELETE /persons/6 [32m200[0m 3.473 ms - 2[0m
[0mGET /persons [32m200[0m 4.491 ms - 320[0m
[0mGET /persons [36m304[0m 3.392 ms - -[0m
[0mPOST /persons [32m201[0m 4.530 ms - 49[0m
[0mDELETE /persons/5 [32m200[0m 5.908 ms - 2[0m
[0mGET /persons [32m200[0m 16.146 ms - 320[0m

  \{^_^}/ hi!

  Loading db.json
  Done

  Resources
  http://localhost:3001/persons

  Home
  http://localhost:3001

  Type s + enter at any time to create a snapshot of the database
  Watching...

[0mGET /persons [32m200[0m 16.358 ms - 320[0m
[0mGET /persons [36m304[0m 7.305 ms - -[0m
[0mGET /persons [36m304[0m 7.138 ms - -[0m
[0mGET /persons [36m304[0m 2.843 ms - -[0m
[0mPOST /persons [32m201[0m 29.486 ms - 48[0m
[0mGET /persons [32m200[0m 3.470 ms - 380[0m
[0mPOST /persons [32m201[0m 3.921 ms - 49[0m
[0mGET /persons [32m200[0m 5.504 ms - 441[0m
[0mGET /persons [36m304[0m 3.167 ms - -[0m
[0mGET /persons [36m304[0m 2.984 ms - -[0m
[0mDELETE /persons/6 [32m200[0m 7.974 ms - 2[0m
[0mDELETE /persons/5 [32m200[0m 6.509 ms - 2[0m
[0mPOST /persons [32m201[0m 3.747 ms - 55[0m
[0mPUT /persons/5 [32m200[0m 4.635 ms - 55[0m
[0mDELETE /persons/5 [32m200[0m 4.882 ms - 2[0m
[0mGET /persons [32m200[0m 3.052 ms - 320[0m
[0mPOST /persons [32m201[0m 3.822 ms - 50[0m
[0mGET /persons [32m200[0m 11.587 ms - 382[0m
[0mDELETE /persons/5 [32m200[0m 1.937 ms - 2[0m
[0mDELETE /persons/5 [33m404[0m 5.859 ms - 2[0m
[0mGET /persons [32m200[0m 4.352 ms - 320[0m
[0mGET /persons [32m200[0m 3.258 ms - 320[0m
[0mPOST /persons [32m201[0m 3.752 ms - 50[0m
[0mGET /persons [32m200[0m 15.513 ms - 382[0m
[0mDELETE /persons/5 [32m200[0m 6.220 ms - 2[0m
[0mDELETE /persons/5 [33m404[0m 3.324 ms - 2[0m
[0mGET /persons [32m200[0m 3.300 ms - 320[0m
[0mGET /persons [36m304[0m 23.969 ms - -[0m
[0mPOST /persons [32m201[0m 3.889 ms - 50[0m
[0mGET /persons [32m200[0m 12.984 ms - 382[0m
[0mDELETE /persons/5 [32m200[0m 7.051 ms - 2[0m
[0mDELETE /persons/5 [33m404[0m 3.954 ms - 2[0m
[0mGET /persons [32m200[0m 8.759 ms - 320[0m
[0mGET /persons [32m200[0m 5.784 ms - 320[0m
[0mPOST /persons [32m201[0m 4.589 ms - 50[0m
[0mGET /persons [32m200[0m 3.133 ms - 382[0m
[0mPOST /persons [32m201[0m 10.884 ms - 50[0m
[0mGET /persons [32m200[0m 3.196 ms - 444[0m
[0mGET /persons [36m304[0m 3.404 ms - -[0m
[0mDELETE /persons/6 [32m200[0m 6.146 ms - 2[0m
[0mGET /persons [32m200[0m 3.599 ms - 382[0m
[0mGET /persons [36m304[0m 12.425 ms - -[0m
[0mDELETE /persons/5 [32m200[0m 4.469 ms - 2[0m
[0mGET /persons [32m200[0m 6.482 ms - 320[0m
[0mGET /persons [32m200[0m 3.760 ms - 320[0m
[0mPOST /persons [32m201[0m 6.568 ms - 48[0m
[0mGET /persons [32m200[0m 2.906 ms - 380[0m
[0mGET /persons [36m304[0m 8.872 ms - -[0m
[0mGET /persons [36m304[0m 3.377 ms - -[0m
[0mDELETE /persons/5 [32m200[0m 4.357 ms - 2[0m
[0mDELETE /persons/5 [33m404[0m 2.418 ms - 2[0m
[0mPOST /persons [32m201[0m 3.888 ms - 50[0m
